<?xml version="1.0" encoding="UTF-8"?>
<testng-results ignored="0" total="1" passed="1" failed="0" skipped="0">
  <reporter-output>
  </reporter-output>
  <suite started-at="2020-11-10T00:30:25 IST" name="Default suite" finished-at="2020-11-10T00:30:50 IST" duration-ms="24812">
    <groups>
      <group name="cucumber">
        <method signature="AbstractTestNGCucumberTests.feature(cucumber.api.testng.CucumberFeatureWrapper)[pri:0, instance:Runner.TestRunner@3e6ef8ad]" name="feature" class="cucumber.api.testng.AbstractTestNGCucumberTests"/>
      </group> <!-- cucumber -->
    </groups>
    <test started-at="2020-11-10T00:30:25 IST" name="Default test" finished-at="2020-11-10T00:30:50 IST" duration-ms="24812">
      <class name="Runner.TestRunner">
        <test-method is-config="true" signature="setUpClass()[pri:0, instance:Runner.TestRunner@3e6ef8ad]" started-at="2020-11-10T00:30:25 IST" name="setUpClass" finished-at="2020-11-10T00:30:25 IST" duration-ms="301" status="PASS">
          <reporter-output>
          </reporter-output>
        </test-method> <!-- setUpClass -->
        <test-method signature="feature(cucumber.api.testng.CucumberFeatureWrapper)[pri:0, instance:Runner.TestRunner@3e6ef8ad]" started-at="2020-11-10T00:30:26 IST" name="feature" description="Runs Cucumber Feature" data-provider="features" finished-at="2020-11-10T00:30:50 IST" duration-ms="23844" status="PASS">
          <params>
            <param index="0">
              <value>
                <![CDATA[Register a user in Insurance Project and Sign in with registered Credentials]]>
              </value>
            </param>
          </params>
          <reporter-output>
          </reporter-output>
        </test-method> <!-- feature -->
        <test-method is-config="true" signature="writeExtentReport()[pri:0, instance:Runner.TestRunner@3e6ef8ad]" started-at="2020-11-10T00:30:50 IST" name="writeExtentReport" finished-at="2020-11-10T00:30:50 IST" duration-ms="6" status="PASS">
          <reporter-output>
          </reporter-output>
        </test-method> <!-- writeExtentReport -->
        <test-method is-config="true" signature="tearDownClass()[pri:0, instance:Runner.TestRunner@3e6ef8ad]" started-at="2020-11-10T00:30:50 IST" name="tearDownClass" finished-at="2020-11-10T00:30:50 IST" duration-ms="373" status="PASS">
          <reporter-output>
          </reporter-output>
        </test-method> <!-- tearDownClass -->
      </class> <!-- Runner.TestRunner -->
    </test> <!-- Default test -->
  </suite> <!-- Default suite -->
</testng-results>
